<?xml version="1.0" encoding="UTF-8"?>
<testng-results skipped="0" failed="0" ignored="0" total="1" passed="1">
  <reporter-output>
  </reporter-output>
  <suite name="Default suite" duration-ms="115410" started-at="2018-11-26T18:21:35Z" finished-at="2018-11-26T18:23:30Z">
    <groups>
    </groups>
    <test name="Default test" duration-ms="115410" started-at="2018-11-26T18:21:35Z" finished-at="2018-11-26T18:23:30Z">
      <class name="Magentotest">
        <test-method status="PASS" signature="posCredentials()[pri:0, instance:Magentotest@4cc0edeb]" name="posCredentials" duration-ms="115296" started-at="2018-11-26T18:21:35Z" finished-at="2018-11-26T18:23:30Z">
          <reporter-output>
          </reporter-output>
        </test-method> <!-- posCredentials -->
      </class> <!-- Magentotest -->
    </test> <!-- Default test -->
  </suite> <!-- Default suite -->
</testng-results>
